<?xml version="1.0" encoding="UTF-8"?>
<!-- Generated by org.testng.reporters.JUnitXMLReporter -->
<testsuite hostname="DLLA28P3273" ignored="0" name="Surefire test" tests="10" failures="0" timestamp="2020-02-04T19:43:04 IST" time="16.461" errors="0">
  <testcase name="@BeforeTest launchTatoc" time="16.351" classname="basicTatoc.Tatoc_TestNG_File2Test">
    <failure type="org.openqa.selenium.WebDriverException" message="unknown error: cannot determine loading status
from disconnected: received Inspector.detached event
  (Session info: chrome=79.0.3945.130)
Build info: version: &amp;apos;3.141.59&amp;apos;, revision: &amp;apos;e82be7d358&amp;apos;, time: &amp;apos;2018-11-14T08:17:03&amp;apos;
System info: host: &amp;apos;DLLA28P3273&amp;apos;, ip: &amp;apos;192.168.0.19&amp;apos;, os.name: &amp;apos;Windows 10&amp;apos;, os.arch: &amp;apos;amd64&amp;apos;, os.version: &amp;apos;10.0&amp;apos;, java.version: &amp;apos;1.8.0_161&amp;apos;
Driver info: org.openqa.selenium.chrome.ChromeDriver
Capabilities {acceptInsecureCerts: false, browserName: chrome, browserVersion: 79.0.3945.130, chrome: {chromedriverVersion: 79.0.3945.36 (3582db32b3389..., userDataDir: C:\Users\KUBRAA~1\AppData\L...}, goog:chromeOptions: {debuggerAddress: localhost:62002}, javascriptEnabled: true, networkConnectionEnabled: false, pageLoadStrategy: normal, platform: WINDOWS, platformName: WINDOWS, proxy: Proxy(), setWindowRect: true, strictFileInteractability: false, timeouts: {implicit: 0, pageLoad: 300000, script: 30000}, unhandledPromptBehavior: dismiss and notify}
Session ID: d8dac0010390ca41440ca8718c920a8d">
      <![CDATA[org.openqa.selenium.WebDriverException: unknown error: cannot determine loading status
from disconnected: received Inspector.detached event
  (Session info: chrome=79.0.3945.130)
Build info: version: '3.141.59', revision: 'e82be7d358', time: '2018-11-14T08:17:03'
System info: host: 'DLLA28P3273', ip: '192.168.0.19', os.name: 'Windows 10', os.arch: 'amd64', os.version: '10.0', java.version: '1.8.0_161'
Driver info: org.openqa.selenium.chrome.ChromeDriver
Capabilities {acceptInsecureCerts: false, browserName: chrome, browserVersion: 79.0.3945.130, chrome: {chromedriverVersion: 79.0.3945.36 (3582db32b3389..., userDataDir: C:\Users\KUBRAA~1\AppData\L...}, goog:chromeOptions: {debuggerAddress: localhost:62002}, javascriptEnabled: true, networkConnectionEnabled: false, pageLoadStrategy: normal, platform: WINDOWS, platformName: WINDOWS, proxy: Proxy(), setWindowRect: true, strictFileInteractability: false, timeouts: {implicit: 0, pageLoad: 300000, script: 30000}, unhandledPromptBehavior: dismiss and notify}
Session ID: d8dac0010390ca41440ca8718c920a8d
at org.openqa.selenium.remote.http.W3CHttpResponseCodec.createException(W3CHttpResponseCodec.java:187)
at org.openqa.selenium.remote.http.W3CHttpResponseCodec.decode(W3CHttpResponseCodec.java:122)
at org.openqa.selenium.remote.http.W3CHttpResponseCodec.decode(W3CHttpResponseCodec.java:49)
at org.openqa.selenium.remote.HttpCommandExecutor.execute(HttpCommandExecutor.java:158)
at org.openqa.selenium.remote.service.DriverCommandExecutor.execute(DriverCommandExecutor.java:83)
at org.openqa.selenium.remote.RemoteWebDriver.execute(RemoteWebDriver.java:552)
at org.openqa.selenium.remote.RemoteWebDriver.get(RemoteWebDriver.java:277)
at basicTatoc.Tatoc_TestNG_File2Test.launchTatoc(Tatoc_TestNG_File2Test.java:27)
... Removed 33 stack frames]]>
    </failure>
  </testcase> <!-- @BeforeTest launchTatoc -->
  <testcase name="@BeforeTest launchTatoc" time="-1.580825584077E9" classname="basicTatoc.Tatoc_TestNG_FileTest">
    <skipped/>
  </testcase> <!-- @BeforeTest launchTatoc -->
  <testcase name="@AfterClass closeTatoc" time="-1.580825584151E9" classname="basicTatoc.Tatoc_TestNG_File2Test">
    <skipped/>
  </testcase> <!-- @AfterClass closeTatoc -->
  <testcase name="@AfterClass closeTatoc" time="-1.58082558416E9" classname="basicTatoc.Tatoc_TestNG_FileTest">
    <skipped/>
  </testcase> <!-- @AfterClass closeTatoc -->
  <testcase name="gridGate" time="0.0" classname="basicTatoc.Tatoc_TestNG_File2Test">
    <skipped/>
  </testcase> <!-- gridGate -->
  <testcase name="frameDungeon" time="0.0" classname="basicTatoc.Tatoc_TestNG_File2Test">
    <skipped/>
  </testcase> <!-- frameDungeon -->
  <testcase name="dragAround" time="0.0" classname="basicTatoc.Tatoc_TestNG_File2Test">
    <skipped/>
  </testcase> <!-- dragAround -->
  <testcase name="popupWindows" time="0.0" classname="basicTatoc.Tatoc_TestNG_File2Test">
    <skipped/>
  </testcase> <!-- popupWindows -->
  <testcase name="cookieHandling" time="0.0" classname="basicTatoc.Tatoc_TestNG_File2Test">
    <skipped/>
  </testcase> <!-- cookieHandling -->
  <testcase name="gridGate" time="0.0" classname="basicTatoc.Tatoc_TestNG_FileTest">
    <skipped/>
  </testcase> <!-- gridGate -->
  <testcase name="frameDungeon" time="0.0" classname="basicTatoc.Tatoc_TestNG_FileTest">
    <skipped/>
  </testcase> <!-- frameDungeon -->
  <testcase name="dragAround" time="0.0" classname="basicTatoc.Tatoc_TestNG_FileTest">
    <skipped/>
  </testcase> <!-- dragAround -->
  <testcase name="popupWindows" time="0.0" classname="basicTatoc.Tatoc_TestNG_FileTest">
    <skipped/>
  </testcase> <!-- popupWindows -->
  <testcase name="cookieHandling" time="0.0" classname="basicTatoc.Tatoc_TestNG_FileTest">
    <skipped/>
  </testcase> <!-- cookieHandling -->
</testsuite> <!-- Surefire test -->
